#
# An unexpected error has occurred (11)
#
Stack:
/lib/x86_64-linux-gnu/libc.so.6(+0x35480) [0x7f39fe95b480]
/lib/x86_64-linux-gnu/libpthread.so.0(+0x111f8) [0x7f39fe4191f8]
/opt/xilinx/Vivado/2014.2/lib/lnx64.o/librdi_synth.so(HARTNDb::waitForLoadPart()+0x49) [0x7f39dfa21899]
/opt/xilinx/Vivado/2014.2/lib/lnx64.o/librdi_synth.so(+0x9e38bf) [0x7f39dfa748bf]
/opt/xilinx/Vivado/2014.2/lib/lnx64.o/librdi_synth.so(+0x9dee75) [0x7f39dfa6fe75]
/opt/xilinx/Vivado/2014.2/lib/lnx64.o/libtcl8.5.so(+0x331f5) [0x7f39fa84a1f5]
/opt/xilinx/Vivado/2014.2/lib/lnx64.o/libtcl8.5.so(+0x76bbe) [0x7f39fa88dbbe]
/opt/xilinx/Vivado/2014.2/lib/lnx64.o/libtcl8.5.so(Tcl_ExprObj+0xfb) [0x7f39fa89533b]
/opt/xilinx/Vivado/2014.2/lib/lnx64.o/libtcl8.5.so(Tcl_ExprBooleanObj+0x16) [0x7f39fa84b0c6]
/opt/xilinx/Vivado/2014.2/lib/lnx64.o/libtcl8.5.so(+0x3eae8) [0x7f39fa855ae8]
/opt/xilinx/Vivado/2014.2/lib/lnx64.o/libtcl8.5.so(+0x331f5) [0x7f39fa84a1f5]
/opt/xilinx/Vivado/2014.2/lib/lnx64.o/libtcl8.5.so(+0x76bbe) [0x7f39fa88dbbe]
/opt/xilinx/Vivado/2014.2/lib/lnx64.o/libtcl8.5.so(+0x7e767) [0x7f39fa895767]
/opt/xilinx/Vivado/2014.2/lib/lnx64.o/libtcl8.5.so(TclEvalObjEx+0x77) [0x7f39fa84c327]
/opt/xilinx/Vivado/2014.2/lib/lnx64.o/libtcl8.5.so(+0x3eb6a) [0x7f39fa855b6a]
/opt/xilinx/Vivado/2014.2/lib/lnx64.o/libtcl8.5.so(+0x331f5) [0x7f39fa84a1f5]
/opt/xilinx/Vivado/2014.2/lib/lnx64.o/libtcl8.5.so(+0x76bbe) [0x7f39fa88dbbe]
/opt/xilinx/Vivado/2014.2/lib/lnx64.o/libtcl8.5.so(+0x7e767) [0x7f39fa895767]
/opt/xilinx/Vivado/2014.2/lib/lnx64.o/libtcl8.5.so(TclEvalObjEx+0x77) [0x7f39fa84c327]
/opt/xilinx/Vivado/2014.2/lib/lnx64.o/librdi_commontasks.so(+0x282477) [0x7f39f6e00477]
/opt/xilinx/Vivado/2014.2/lib/lnx64.o/libtcl8.5.so(+0x331f5) [0x7f39fa84a1f5]
/opt/xilinx/Vivado/2014.2/lib/lnx64.o/libtcl8.5.so(+0x76bbe) [0x7f39fa88dbbe]
/opt/xilinx/Vivado/2014.2/lib/lnx64.o/libtcl8.5.so(Tcl_ExprObj+0xfb) [0x7f39fa89533b]
/opt/xilinx/Vivado/2014.2/lib/lnx64.o/libtcl8.5.so(Tcl_ExprBooleanObj+0x16) [0x7f39fa84b0c6]
/opt/xilinx/Vivado/2014.2/lib/lnx64.o/libtcl8.5.so(+0x3eae8) [0x7f39fa855ae8]
/opt/xilinx/Vivado/2014.2/lib/lnx64.o/libtcl8.5.so(+0x331f5) [0x7f39fa84a1f5]
/opt/xilinx/Vivado/2014.2/lib/lnx64.o/libtcl8.5.so(+0x34d6b) [0x7f39fa84bd6b]
/opt/xilinx/Vivado/2014.2/lib/lnx64.o/libtcl8.5.so(Tcl_EvalEx+0x16) [0x7f39fa84c276]
/opt/xilinx/Vivado/2014.2/lib/lnx64.o/libtcl8.5.so(Tcl_FSEvalFileEx+0x1d2) [0x7f39fa8b0d02]
/opt/xilinx/Vivado/2014.2/lib/lnx64.o/librdi_commontasks.so(+0x298fd7) [0x7f39f6e16fd7]
/opt/xilinx/Vivado/2014.2/lib/lnx64.o/librdi_common.so(+0x49679b) [0x7f39ff88979b]
/opt/xilinx/Vivado/2014.2/lib/lnx64.o/libtcl8.5.so(+0x331f5) [0x7f39fa84a1f5]
/opt/xilinx/Vivado/2014.2/lib/lnx64.o/libtcl8.5.so(+0x76bbe) [0x7f39fa88dbbe]
/opt/xilinx/Vivado/2014.2/lib/lnx64.o/libtcl8.5.so(+0x7e767) [0x7f39fa895767]
/opt/xilinx/Vivado/2014.2/lib/lnx64.o/libtcl8.5.so(TclEvalObjEx+0x77) [0x7f39fa84c327]
/opt/xilinx/Vivado/2014.2/lib/lnx64.o/libtcl8.5.so(+0xb740f) [0x7f39fa8ce40f]
/opt/xilinx/Vivado/2014.2/lib/lnx64.o/libtcl8.5.so(+0x331f5) [0x7f39fa84a1f5]
/opt/xilinx/Vivado/2014.2/lib/lnx64.o/libtcl8.5.so(+0x76bbe) [0x7f39fa88dbbe]
/opt/xilinx/Vivado/2014.2/lib/lnx64.o/libtcl8.5.so(+0x7e767) [0x7f39fa895767]
/opt/xilinx/Vivado/2014.2/lib/lnx64.o/libtcl8.5.so(TclEvalObjEx+0x77) [0x7f39fa84c327]
/opt/xilinx/Vivado/2014.2/lib/lnx64.o/librdi_commontasks.so(+0x282514) [0x7f39f6e00514]
/opt/xilinx/Vivado/2014.2/lib/lnx64.o/libtcl8.5.so(+0x331f5) [0x7f39fa84a1f5]
/opt/xilinx/Vivado/2014.2/lib/lnx64.o/libtcl8.5.so(+0x34d6b) [0x7f39fa84bd6b]
/opt/xilinx/Vivado/2014.2/lib/lnx64.o/libtcl8.5.so(+0xad531) [0x7f39fa8c4531]
/opt/xilinx/Vivado/2014.2/lib/lnx64.o/libtcl8.5.so(+0x3491c) [0x7f39fa84b91c]
/opt/xilinx/Vivado/2014.2/lib/lnx64.o/libtcl8.5.so(Tcl_EvalEx+0x16) [0x7f39fa84c276]
/opt/xilinx/Vivado/2014.2/lib/lnx64.o/libtcl8.5.so(Tcl_FSEvalFileEx+0x1d2) [0x7f39fa8b0d02]
/opt/xilinx/Vivado/2014.2/lib/lnx64.o/librdi_commontasks.so(+0x298fd7) [0x7f39f6e16fd7]
/opt/xilinx/Vivado/2014.2/lib/lnx64.o/librdi_common.so(+0x49679b) [0x7f39ff88979b]
/opt/xilinx/Vivado/2014.2/lib/lnx64.o/libtcl8.5.so(+0x331f5) [0x7f39fa84a1f5]
/opt/xilinx/Vivado/2014.2/lib/lnx64.o/libtcl8.5.so(Tcl_EvalObjv+0x32) [0x7f39fa84a7e2]
/opt/xilinx/Vivado/2014.2/lib/lnx64.o/libtcl8.5.so(TclEvalObjEx+0x322) [0x7f39fa84c5d2]
/opt/xilinx/Vivado/2014.2/lib/lnx64.o/librdi_common.so(hdi::tcltasks::task_manager::eval_in_tcl(Tcl_Interp*, Tcl_Obj*, char const*, bool)+0x885) [0x7f39ff88bd55]
/opt/xilinx/Vivado/2014.2/lib/lnx64.o/librdi_designutils.so(HRTInvoker::inProcessLaunch(HDGUIStatus&)+0x1a6) [0x7f39ee8d7256]
/opt/xilinx/Vivado/2014.2/lib/lnx64.o/librdi_designutils.so(HRTInvoker::launch(HDGUIStatus&)+0x50d) [0x7f39ee8d80ad]
/opt/xilinx/Vivado/2014.2/lib/lnx64.o/librdi_vivadotasks.so(+0x1c4eef) [0x7f39dadafeef]
/opt/xilinx/Vivado/2014.2/lib/lnx64.o/librdi_vivadotasks.so(+0x1cc7d0) [0x7f39dadb77d0]
/opt/xilinx/Vivado/2014.2/lib/lnx64.o/librdi_common.so(+0x49679b) [0x7f39ff88979b]
/opt/xilinx/Vivado/2014.2/lib/lnx64.o/libtcl8.5.so(+0x331f5) [0x7f39fa84a1f5]
/opt/xilinx/Vivado/2014.2/lib/lnx64.o/libtcl8.5.so(+0x34d6b) [0x7f39fa84bd6b]
/opt/xilinx/Vivado/2014.2/lib/lnx64.o/libtcl8.5.so(Tcl_EvalEx+0x16) [0x7f39fa84c276]
/opt/xilinx/Vivado/2014.2/lib/lnx64.o/libtcl8.5.so(Tcl_FSEvalFileEx+0x1d2) [0x7f39fa8b0d02]
/opt/xilinx/Vivado/2014.2/lib/lnx64.o/librdi_commontasks.so(+0x298fd7) [0x7f39f6e16fd7]
/opt/xilinx/Vivado/2014.2/lib/lnx64.o/librdi_common.so(+0x49679b) [0x7f39ff88979b]
/opt/xilinx/Vivado/2014.2/lib/lnx64.o/libtcl8.5.so(+0x331f5) [0x7f39fa84a1f5]
/opt/xilinx/Vivado/2014.2/lib/lnx64.o/libtcl8.5.so(+0x76bbe) [0x7f39fa88dbbe]
/opt/xilinx/Vivado/2014.2/lib/lnx64.o/libtcl8.5.so(+0x7e767) [0x7f39fa895767]
/opt/xilinx/Vivado/2014.2/lib/lnx64.o/libtcl8.5.so(TclEvalObjEx+0x77) [0x7f39fa84c327]
/opt/xilinx/Vivado/2014.2/lib/lnx64.o/libtcl8.5.so(Tcl_RecordAndEvalObj+0x184) [0x7f39fa89b1c4]
/opt/xilinx/Vivado/2014.2/lib/lnx64.o/librdi_commontasks.so(+0x2dea99) [0x7f39f6e5ca99]
/opt/xilinx/Vivado/2014.2/lib/lnx64.o/libtcl8.5.so(Tcl_Main+0x634) [0x7f39fa8b75d4]
/opt/xilinx/Vivado/2014.2/lib/lnx64.o/librdi_common.so(+0x4c50c9) [0x7f39ff8b80c9]
/lib/x86_64-linux-gnu/libpthread.so.0(+0x80a4) [0x7f39fe4100a4]
/lib/x86_64-linux-gnu/libc.so.6(clone+0x6d) [0x7f39fea0c04d]
